<?xml version="1.0" encoding="UTF-8"?>
<!-- Generated by org.testng.reporters.JUnitReportReporter -->
<testsuite ignored="0" hostname="SNAGI" failures="0" tests="1" name="Testing.Automation.TestPage" time="20.181" errors="0" timestamp="14 Mar 2021 23:17:33 GMT" skipped="0">
  <testcase classname="Testing.Automation.TestPage" name="SelectProduct" time="20.181"/>
</testsuite> <!-- Testing.Automation.TestPage -->
